# JRE version: Java(TM) SE Runtime Environment (21.0.2+13) (build 21.0.2+13-LTS-58)
# Java VM: Java HotSpot(TM) 64-Bit Server VM (21.0.2+13-LTS-58, mixed mode, emulated-client, sharing, tiered, compressed oops, compressed class ptrs, g1 gc, windows-amd64)
GC Precious Log:
 CardTable entry size: 512
 Card Set container configuration: InlinePtr #cards 4 size 8 Array Of Cards #cards 16 size 48 Howl #buckets 8 coarsen threshold 3686 Howl Bitmap #cards 512 size 80 coarsen threshold 460 Card regions per heap region 1 cards per card region 4096
 CPUs: 16 total, 16 available
 Memory: 16109M
 Large Page Support: Disabled
 NUMA Support: Disabled
 Compressed Oops: Enabled (Zero based)
 Heap Region Size: 2M
 Heap Min Capacity: 8M
 Heap Initial Capacity: 252M
 Heap Max Capacity: 4028M
 Pre-touch: Disabled
 Parallel Workers: 13
 Concurrent Workers: 3
 Concurrent Refinement Workers: 13
 Periodic GC: Disabled
Heap:
 garbage-first heap   total 61440K, used 40129K [0x0000000704400000, 0x0000000800000000)
  region size 2048K, 17 young (34816K), 3 survivors (6144K)
 Metaspace       used 27914K, committed 28480K, reserved 1114112K
  class space    used 3657K, committed 3904K, reserved 1048576K
GC Heap History (14 events):
Event: 0.480 GC heap before
{Heap before GC invocations=0 (full 0):
 garbage-first heap   total 258048K, used 22528K [0x0000000704400000, 0x0000000800000000)
  region size 2048K, 11 young (22528K), 0 survivors (0K)
 Metaspace       used 6803K, committed 6976K, reserved 1114112K
  class space    used 769K, committed 832K, reserved 1048576K
}
Event: 0.483 GC heap after
{Heap after GC invocations=1 (full 0):
 garbage-first heap   total 258048K, used 4682K [0x0000000704400000, 0x0000000800000000)
  region size 2048K, 2 young (4096K), 2 survivors (4096K)
 Metaspace       used 6803K, committed 6976K, reserved 1114112K
  class space    used 769K, committed 832K, reserved 1048576K
}
Event: 0.701 GC heap before
{Heap before GC invocations=1 (full 0):
 garbage-first heap   total 258048K, used 41546K [0x0000000704400000, 0x0000000800000000)
  region size 2048K, 21 young (43008K), 2 survivors (4096K)
 Metaspace       used 11495K, committed 11840K, reserved 1114112K
  class space    used 1414K, committed 1536K, reserved 1048576K
}
Event: 0.707 GC heap after
{Heap after GC invocations=2 (full 0):
 garbage-first heap   total 258048K, used 6640K [0x0000000704400000, 0x0000000800000000)
  region size 2048K, 1 young (2048K), 1 survivors (2048K)
 Metaspace       used 11495K, committed 11840K, reserved 1114112K
  class space    used 1414K, committed 1536K, reserved 1048576K
}
Event: 0.879 GC heap before
{Heap before GC invocations=2 (full 0):
 garbage-first heap   total 258048K, used 53744K [0x0000000704400000, 0x0000000800000000)
  region size 2048K, 25 young (51200K), 1 survivors (2048K)
 Metaspace       used 15728K, committed 16128K, reserved 1114112K
  class space    used 1985K, committed 2176K, reserved 1048576K
}
Event: 0.883 GC heap after
{Heap after GC invocations=3 (full 0):
 garbage-first heap   total 258048K, used 7665K [0x0000000704400000, 0x0000000800000000)
  region size 2048K, 2 young (4096K), 2 survivors (4096K)
 Metaspace       used 15728K, committed 16128K, reserved 1114112K
  class space    used 1985K, committed 2176K, reserved 1048576K
}
Event: 1.004 GC heap before
{Heap before GC invocations=4 (full 0):
 garbage-first heap   total 49152K, used 44529K [0x0000000704400000, 0x0000000800000000)
  region size 2048K, 21 young (43008K), 2 survivors (4096K)
 Metaspace       used 18926K, committed 19264K, reserved 1114112K
  class space    used 2414K, committed 2560K, reserved 1048576K
}
Event: 1.009 GC heap after
{Heap after GC invocations=5 (full 0):
 garbage-first heap   total 53248K, used 8524K [0x0000000704400000, 0x0000000800000000)
  region size 2048K, 2 young (4096K), 2 survivors (4096K)
 Metaspace       used 18926K, committed 19264K, reserved 1114112K
  class space    used 2414K, committed 2560K, reserved 1048576K
}
Event: 1.124 GC heap before
{Heap before GC invocations=5 (full 0):
 garbage-first heap   total 53248K, used 33100K [0x0000000704400000, 0x0000000800000000)
  region size 2048K, 15 young (30720K), 2 survivors (4096K)
 Metaspace       used 21009K, committed 21440K, reserved 1114112K
  class space    used 2685K, committed 2880K, reserved 1048576K
}
Event: 1.127 GC heap after
{Heap after GC invocations=6 (full 0):
 garbage-first heap   total 53248K, used 10082K [0x0000000704400000, 0x0000000800000000)
  region size 2048K, 2 young (4096K), 2 survivors (4096K)
 Metaspace       used 21009K, committed 21440K, reserved 1114112K
  class space    used 2685K, committed 2880K, reserved 1048576K
}
Event: 1.287 GC heap before
{Heap before GC invocations=6 (full 0):
 garbage-first heap   total 53248K, used 34658K [0x0000000704400000, 0x0000000800000000)
  region size 2048K, 15 young (30720K), 2 survivors (4096K)
 Metaspace       used 22548K, committed 22912K, reserved 1114112K
  class space    used 2909K, committed 3072K, reserved 1048576K
}
Event: 1.290 GC heap after
{Heap after GC invocations=7 (full 0):
 garbage-first heap   total 155648K, used 11269K [0x0000000704400000, 0x0000000800000000)
  region size 2048K, 2 young (4096K), 2 survivors (4096K)
 Metaspace       used 22548K, committed 22912K, reserved 1114112K
  class space    used 2909K, committed 3072K, reserved 1048576K
}
Event: 1.498 GC heap before
{Heap before GC invocations=7 (full 0):
 garbage-first heap   total 155648K, used 48133K [0x0000000704400000, 0x0000000800000000)
  region size 2048K, 21 young (43008K), 2 survivors (4096K)
 Metaspace       used 26370K, committed 26880K, reserved 1114112K
  class space    used 3456K, committed 3712K, reserved 1048576K
}
Event: 1.502 GC heap after
{Heap after GC invocations=8 (full 0):
 garbage-first heap   total 155648K, used 13505K [0x0000000704400000, 0x0000000800000000)
  region size 2048K, 3 young (6144K), 3 survivors (6144K)
 Metaspace       used 26370K, committed 26880K, reserved 1114112K
  class space    used 3456K, committed 3712K, reserved 1048576K
}

